Determining if the pthread_create exist failed with the following output:
Change Dir: /home/yadav/Downloads/enki/CMakeFiles/CMakeTmp

Run Build Command:"/usr/bin/make" "cmTC_16cc4/fast"
/usr/bin/make -f CMakeFiles/cmTC_16cc4.dir/build.make CMakeFiles/cmTC_16cc4.dir/build
make[1]: Entering directory '/home/yadav/Downloads/enki/CMakeFiles/CMakeTmp'
Building C object CMakeFiles/cmTC_16cc4.dir/CheckSymbolExists.c.o
/usr/bin/cc    -o CMakeFiles/cmTC_16cc4.dir/CheckSymbolExists.c.o   -c /home/yadav/Downloads/enki/CMakeFiles/CMakeTmp/CheckSymbolExists.c
Linking C executable cmTC_16cc4
/usr/bin/cmake -E cmake_link_script CMakeFiles/cmTC_16cc4.dir/link.txt --verbose=1
/usr/bin/cc      -rdynamic CMakeFiles/cmTC_16cc4.dir/CheckSymbolExists.c.o  -o cmTC_16cc4 
CMakeFiles/cmTC_16cc4.dir/CheckSymbolExists.c.o: In function `main':
CheckSymbolExists.c:(.text+0x1b): undefined reference to `pthread_create'
collect2: error: ld returned 1 exit status
CMakeFiles/cmTC_16cc4.dir/build.make:97: recipe for target 'cmTC_16cc4' failed
make[1]: *** [cmTC_16cc4] Error 1
make[1]: Leaving directory '/home/yadav/Downloads/enki/CMakeFiles/CMakeTmp'
Makefile:126: recipe for target 'cmTC_16cc4/fast' failed
make: *** [cmTC_16cc4/fast] Error 2

File /home/yadav/Downloads/enki/CMakeFiles/CMakeTmp/CheckSymbolExists.c:
/* */
#include <pthread.h>

int main(int argc, char** argv)
{
  (void)argv;
#ifndef pthread_create
  return ((int*)(&pthread_create))[argc];
#else
  (void)argc;
  return 0;
#endif
}

Determining if the function pthread_create exists in the pthreads failed with the following output:
Change Dir: /home/yadav/Downloads/enki/CMakeFiles/CMakeTmp

Run Build Command:"/usr/bin/make" "cmTC_0ed07/fast"
/usr/bin/make -f CMakeFiles/cmTC_0ed07.dir/build.make CMakeFiles/cmTC_0ed07.dir/build
make[1]: Entering directory '/home/yadav/Downloads/enki/CMakeFiles/CMakeTmp'
Building C object CMakeFiles/cmTC_0ed07.dir/CheckFunctionExists.c.o
/usr/bin/cc   -DCHECK_FUNCTION_EXISTS=pthread_create   -o CMakeFiles/cmTC_0ed07.dir/CheckFunctionExists.c.o   -c /usr/share/cmake-3.10/Modules/CheckFunctionExists.c
Linking C executable cmTC_0ed07
/usr/bin/cmake -E cmake_link_script CMakeFiles/cmTC_0ed07.dir/link.txt --verbose=1
/usr/bin/cc  -DCHECK_FUNCTION_EXISTS=pthread_create    -rdynamic CMakeFiles/cmTC_0ed07.dir/CheckFunctionExists.c.o  -o cmTC_0ed07 -lpthreads 
/usr/bin/ld: cannot find -lpthreads
collect2: error: ld returned 1 exit status
CMakeFiles/cmTC_0ed07.dir/build.make:97: recipe for target 'cmTC_0ed07' failed
make[1]: *** [cmTC_0ed07] Error 1
make[1]: Leaving directory '/home/yadav/Downloads/enki/CMakeFiles/CMakeTmp'
Makefile:126: recipe for target 'cmTC_0ed07/fast' failed
make: *** [cmTC_0ed07/fast] Error 2


Determining if the pthread_create exist failed with the following output:
Change Dir: /home/yadav/Documents/Final-Year-Project/enki/CMakeFiles/CMakeTmp

Run Build Command:"/usr/bin/make" "cmTC_7864a/fast"
/usr/bin/make -f CMakeFiles/cmTC_7864a.dir/build.make CMakeFiles/cmTC_7864a.dir/build
make[1]: Entering directory '/home/yadav/Documents/Final-Year-Project/enki/CMakeFiles/CMakeTmp'
Building C object CMakeFiles/cmTC_7864a.dir/CheckSymbolExists.c.o
/usr/bin/cc    -o CMakeFiles/cmTC_7864a.dir/CheckSymbolExists.c.o   -c /home/yadav/Documents/Final-Year-Project/enki/CMakeFiles/CMakeTmp/CheckSymbolExists.c
Linking C executable cmTC_7864a
/usr/bin/cmake -E cmake_link_script CMakeFiles/cmTC_7864a.dir/link.txt --verbose=1
/usr/bin/cc      -rdynamic CMakeFiles/cmTC_7864a.dir/CheckSymbolExists.c.o  -o cmTC_7864a 
CMakeFiles/cmTC_7864a.dir/CheckSymbolExists.c.o: In function `main':
CheckSymbolExists.c:(.text+0x1b): undefined reference to `pthread_create'
collect2: error: ld returned 1 exit status
CMakeFiles/cmTC_7864a.dir/build.make:97: recipe for target 'cmTC_7864a' failed
make[1]: *** [cmTC_7864a] Error 1
make[1]: Leaving directory '/home/yadav/Documents/Final-Year-Project/enki/CMakeFiles/CMakeTmp'
Makefile:126: recipe for target 'cmTC_7864a/fast' failed
make: *** [cmTC_7864a/fast] Error 2

File /home/yadav/Documents/Final-Year-Project/enki/CMakeFiles/CMakeTmp/CheckSymbolExists.c:
/* */
#include <pthread.h>

int main(int argc, char** argv)
{
  (void)argv;
#ifndef pthread_create
  return ((int*)(&pthread_create))[argc];
#else
  (void)argc;
  return 0;
#endif
}

Determining if the function pthread_create exists in the pthreads failed with the following output:
Change Dir: /home/yadav/Documents/Final-Year-Project/enki/CMakeFiles/CMakeTmp

Run Build Command:"/usr/bin/make" "cmTC_339ff/fast"
/usr/bin/make -f CMakeFiles/cmTC_339ff.dir/build.make CMakeFiles/cmTC_339ff.dir/build
make[1]: Entering directory '/home/yadav/Documents/Final-Year-Project/enki/CMakeFiles/CMakeTmp'
Building C object CMakeFiles/cmTC_339ff.dir/CheckFunctionExists.c.o
/usr/bin/cc   -DCHECK_FUNCTION_EXISTS=pthread_create   -o CMakeFiles/cmTC_339ff.dir/CheckFunctionExists.c.o   -c /usr/share/cmake-3.10/Modules/CheckFunctionExists.c
Linking C executable cmTC_339ff
/usr/bin/cmake -E cmake_link_script CMakeFiles/cmTC_339ff.dir/link.txt --verbose=1
/usr/bin/cc  -DCHECK_FUNCTION_EXISTS=pthread_create    -rdynamic CMakeFiles/cmTC_339ff.dir/CheckFunctionExists.c.o  -o cmTC_339ff -lpthreads 
/usr/bin/ld: cannot find -lpthreads
collect2: error: ld returned 1 exit status
CMakeFiles/cmTC_339ff.dir/build.make:97: recipe for target 'cmTC_339ff' failed
make[1]: *** [cmTC_339ff] Error 1
make[1]: Leaving directory '/home/yadav/Documents/Final-Year-Project/enki/CMakeFiles/CMakeTmp'
Makefile:126: recipe for target 'cmTC_339ff/fast' failed
make: *** [cmTC_339ff/fast] Error 2


Determining if the pthread_create exist failed with the following output:
Change Dir: /home/uos/Downloads/FYP_Simulation/enki/CMakeFiles/CMakeTmp

Run Build Command:"/usr/bin/make" "cmTC_106a3/fast"
/usr/bin/make -f CMakeFiles/cmTC_106a3.dir/build.make CMakeFiles/cmTC_106a3.dir/build
make[1]: Entering directory '/home/uos/Downloads/FYP_Simulation/enki/CMakeFiles/CMakeTmp'
Building C object CMakeFiles/cmTC_106a3.dir/CheckSymbolExists.c.o
/usr/bin/cc    -o CMakeFiles/cmTC_106a3.dir/CheckSymbolExists.c.o   -c /home/uos/Downloads/FYP_Simulation/enki/CMakeFiles/CMakeTmp/CheckSymbolExists.c
Linking C executable cmTC_106a3
/usr/bin/cmake -E cmake_link_script CMakeFiles/cmTC_106a3.dir/link.txt --verbose=1
/usr/bin/cc      -rdynamic CMakeFiles/cmTC_106a3.dir/CheckSymbolExists.c.o  -o cmTC_106a3 
CMakeFiles/cmTC_106a3.dir/CheckSymbolExists.c.o: In function `main':
CheckSymbolExists.c:(.text+0x1b): undefined reference to `pthread_create'
collect2: error: ld returned 1 exit status
CMakeFiles/cmTC_106a3.dir/build.make:97: recipe for target 'cmTC_106a3' failed
make[1]: *** [cmTC_106a3] Error 1
make[1]: Leaving directory '/home/uos/Downloads/FYP_Simulation/enki/CMakeFiles/CMakeTmp'
Makefile:126: recipe for target 'cmTC_106a3/fast' failed
make: *** [cmTC_106a3/fast] Error 2

File /home/uos/Downloads/FYP_Simulation/enki/CMakeFiles/CMakeTmp/CheckSymbolExists.c:
/* */
#include <pthread.h>

int main(int argc, char** argv)
{
  (void)argv;
#ifndef pthread_create
  return ((int*)(&pthread_create))[argc];
#else
  (void)argc;
  return 0;
#endif
}

Determining if the function pthread_create exists in the pthreads failed with the following output:
Change Dir: /home/uos/Downloads/FYP_Simulation/enki/CMakeFiles/CMakeTmp

Run Build Command:"/usr/bin/make" "cmTC_f6bfd/fast"
/usr/bin/make -f CMakeFiles/cmTC_f6bfd.dir/build.make CMakeFiles/cmTC_f6bfd.dir/build
make[1]: Entering directory '/home/uos/Downloads/FYP_Simulation/enki/CMakeFiles/CMakeTmp'
Building C object CMakeFiles/cmTC_f6bfd.dir/CheckFunctionExists.c.o
/usr/bin/cc   -DCHECK_FUNCTION_EXISTS=pthread_create   -o CMakeFiles/cmTC_f6bfd.dir/CheckFunctionExists.c.o   -c /usr/share/cmake-3.10/Modules/CheckFunctionExists.c
Linking C executable cmTC_f6bfd
/usr/bin/cmake -E cmake_link_script CMakeFiles/cmTC_f6bfd.dir/link.txt --verbose=1
/usr/bin/cc  -DCHECK_FUNCTION_EXISTS=pthread_create    -rdynamic CMakeFiles/cmTC_f6bfd.dir/CheckFunctionExists.c.o  -o cmTC_f6bfd -lpthreads 
/usr/bin/ld: cannot find -lpthreads
collect2: error: ld returned 1 exit status
CMakeFiles/cmTC_f6bfd.dir/build.make:97: recipe for target 'cmTC_f6bfd' failed
make[1]: *** [cmTC_f6bfd] Error 1
make[1]: Leaving directory '/home/uos/Downloads/FYP_Simulation/enki/CMakeFiles/CMakeTmp'
Makefile:126: recipe for target 'cmTC_f6bfd/fast' failed
make: *** [cmTC_f6bfd/fast] Error 2


Determining if the pthread_create exist failed with the following output:
Change Dir: /home/yadav/Documents/Final-Year-Project/FYP_Simulation/enki/CMakeFiles/CMakeTmp

Run Build Command:"/usr/bin/make" "cmTC_bef59/fast"
/usr/bin/make -f CMakeFiles/cmTC_bef59.dir/build.make CMakeFiles/cmTC_bef59.dir/build
make[1]: Entering directory '/home/yadav/Documents/Final-Year-Project/FYP_Simulation/enki/CMakeFiles/CMakeTmp'
Building C object CMakeFiles/cmTC_bef59.dir/CheckSymbolExists.c.o
/usr/bin/cc    -o CMakeFiles/cmTC_bef59.dir/CheckSymbolExists.c.o   -c /home/yadav/Documents/Final-Year-Project/FYP_Simulation/enki/CMakeFiles/CMakeTmp/CheckSymbolExists.c
Linking C executable cmTC_bef59
/usr/bin/cmake -E cmake_link_script CMakeFiles/cmTC_bef59.dir/link.txt --verbose=1
/usr/bin/cc      -rdynamic CMakeFiles/cmTC_bef59.dir/CheckSymbolExists.c.o  -o cmTC_bef59 
CMakeFiles/cmTC_bef59.dir/CheckSymbolExists.c.o: In function `main':
CheckSymbolExists.c:(.text+0x1b): undefined reference to `pthread_create'
collect2: error: ld returned 1 exit status
CMakeFiles/cmTC_bef59.dir/build.make:97: recipe for target 'cmTC_bef59' failed
make[1]: *** [cmTC_bef59] Error 1
make[1]: Leaving directory '/home/yadav/Documents/Final-Year-Project/FYP_Simulation/enki/CMakeFiles/CMakeTmp'
Makefile:126: recipe for target 'cmTC_bef59/fast' failed
make: *** [cmTC_bef59/fast] Error 2

File /home/yadav/Documents/Final-Year-Project/FYP_Simulation/enki/CMakeFiles/CMakeTmp/CheckSymbolExists.c:
/* */
#include <pthread.h>

int main(int argc, char** argv)
{
  (void)argv;
#ifndef pthread_create
  return ((int*)(&pthread_create))[argc];
#else
  (void)argc;
  return 0;
#endif
}

Determining if the function pthread_create exists in the pthreads failed with the following output:
Change Dir: /home/yadav/Documents/Final-Year-Project/FYP_Simulation/enki/CMakeFiles/CMakeTmp

Run Build Command:"/usr/bin/make" "cmTC_584f5/fast"
/usr/bin/make -f CMakeFiles/cmTC_584f5.dir/build.make CMakeFiles/cmTC_584f5.dir/build
make[1]: Entering directory '/home/yadav/Documents/Final-Year-Project/FYP_Simulation/enki/CMakeFiles/CMakeTmp'
Building C object CMakeFiles/cmTC_584f5.dir/CheckFunctionExists.c.o
/usr/bin/cc   -DCHECK_FUNCTION_EXISTS=pthread_create   -o CMakeFiles/cmTC_584f5.dir/CheckFunctionExists.c.o   -c /usr/share/cmake-3.10/Modules/CheckFunctionExists.c
Linking C executable cmTC_584f5
/usr/bin/cmake -E cmake_link_script CMakeFiles/cmTC_584f5.dir/link.txt --verbose=1
/usr/bin/cc  -DCHECK_FUNCTION_EXISTS=pthread_create    -rdynamic CMakeFiles/cmTC_584f5.dir/CheckFunctionExists.c.o  -o cmTC_584f5 -lpthreads 
/usr/bin/ld: cannot find -lpthreads
collect2: error: ld returned 1 exit status
CMakeFiles/cmTC_584f5.dir/build.make:97: recipe for target 'cmTC_584f5' failed
make[1]: *** [cmTC_584f5] Error 1
make[1]: Leaving directory '/home/yadav/Documents/Final-Year-Project/FYP_Simulation/enki/CMakeFiles/CMakeTmp'
Makefile:126: recipe for target 'cmTC_584f5/fast' failed
make: *** [cmTC_584f5/fast] Error 2


Determining if the pthread_create exist failed with the following output:
Change Dir: /home/yadav/Documents/Final-Year-Project/FYP_Simulation/enki/CMakeFiles/CMakeTmp

Run Build Command:"/usr/bin/make" "cmTC_57cef/fast"
/usr/bin/make -f CMakeFiles/cmTC_57cef.dir/build.make CMakeFiles/cmTC_57cef.dir/build
make[1]: Entering directory '/home/yadav/Documents/Final-Year-Project/FYP_Simulation/enki/CMakeFiles/CMakeTmp'
Building C object CMakeFiles/cmTC_57cef.dir/CheckSymbolExists.c.o
/usr/bin/cc    -o CMakeFiles/cmTC_57cef.dir/CheckSymbolExists.c.o   -c /home/yadav/Documents/Final-Year-Project/FYP_Simulation/enki/CMakeFiles/CMakeTmp/CheckSymbolExists.c
Linking C executable cmTC_57cef
/usr/bin/cmake -E cmake_link_script CMakeFiles/cmTC_57cef.dir/link.txt --verbose=1
/usr/bin/cc      -rdynamic CMakeFiles/cmTC_57cef.dir/CheckSymbolExists.c.o  -o cmTC_57cef 
CMakeFiles/cmTC_57cef.dir/CheckSymbolExists.c.o: In function `main':
CheckSymbolExists.c:(.text+0x1b): undefined reference to `pthread_create'
collect2: error: ld returned 1 exit status
CMakeFiles/cmTC_57cef.dir/build.make:97: recipe for target 'cmTC_57cef' failed
make[1]: *** [cmTC_57cef] Error 1
make[1]: Leaving directory '/home/yadav/Documents/Final-Year-Project/FYP_Simulation/enki/CMakeFiles/CMakeTmp'
Makefile:126: recipe for target 'cmTC_57cef/fast' failed
make: *** [cmTC_57cef/fast] Error 2

File /home/yadav/Documents/Final-Year-Project/FYP_Simulation/enki/CMakeFiles/CMakeTmp/CheckSymbolExists.c:
/* */
#include <pthread.h>

int main(int argc, char** argv)
{
  (void)argv;
#ifndef pthread_create
  return ((int*)(&pthread_create))[argc];
#else
  (void)argc;
  return 0;
#endif
}

Determining if the function pthread_create exists in the pthreads failed with the following output:
Change Dir: /home/yadav/Documents/Final-Year-Project/FYP_Simulation/enki/CMakeFiles/CMakeTmp

Run Build Command:"/usr/bin/make" "cmTC_e90db/fast"
/usr/bin/make -f CMakeFiles/cmTC_e90db.dir/build.make CMakeFiles/cmTC_e90db.dir/build
make[1]: Entering directory '/home/yadav/Documents/Final-Year-Project/FYP_Simulation/enki/CMakeFiles/CMakeTmp'
Building C object CMakeFiles/cmTC_e90db.dir/CheckFunctionExists.c.o
/usr/bin/cc   -DCHECK_FUNCTION_EXISTS=pthread_create   -o CMakeFiles/cmTC_e90db.dir/CheckFunctionExists.c.o   -c /usr/share/cmake-3.10/Modules/CheckFunctionExists.c
Linking C executable cmTC_e90db
/usr/bin/cmake -E cmake_link_script CMakeFiles/cmTC_e90db.dir/link.txt --verbose=1
/usr/bin/cc  -DCHECK_FUNCTION_EXISTS=pthread_create    -rdynamic CMakeFiles/cmTC_e90db.dir/CheckFunctionExists.c.o  -o cmTC_e90db -lpthreads 
/usr/bin/ld: cannot find -lpthreads
collect2: error: ld returned 1 exit status
CMakeFiles/cmTC_e90db.dir/build.make:97: recipe for target 'cmTC_e90db' failed
make[1]: *** [cmTC_e90db] Error 1
make[1]: Leaving directory '/home/yadav/Documents/Final-Year-Project/FYP_Simulation/enki/CMakeFiles/CMakeTmp'
Makefile:126: recipe for target 'cmTC_e90db/fast' failed
make: *** [cmTC_e90db/fast] Error 2


Determining if the pthread_create exist failed with the following output:
Change Dir: /home/yadav/Documents/Final-Year-Project/FYP_Simulation/enki/CMakeFiles/CMakeTmp

Run Build Command:"/usr/bin/make" "cmTC_dbb3a/fast"
/usr/bin/make -f CMakeFiles/cmTC_dbb3a.dir/build.make CMakeFiles/cmTC_dbb3a.dir/build
make[1]: Entering directory '/home/yadav/Documents/Final-Year-Project/FYP_Simulation/enki/CMakeFiles/CMakeTmp'
Building C object CMakeFiles/cmTC_dbb3a.dir/CheckSymbolExists.c.o
/usr/bin/cc    -o CMakeFiles/cmTC_dbb3a.dir/CheckSymbolExists.c.o   -c /home/yadav/Documents/Final-Year-Project/FYP_Simulation/enki/CMakeFiles/CMakeTmp/CheckSymbolExists.c
Linking C executable cmTC_dbb3a
/usr/bin/cmake -E cmake_link_script CMakeFiles/cmTC_dbb3a.dir/link.txt --verbose=1
/usr/bin/cc      -rdynamic CMakeFiles/cmTC_dbb3a.dir/CheckSymbolExists.c.o  -o cmTC_dbb3a 
CMakeFiles/cmTC_dbb3a.dir/CheckSymbolExists.c.o: In function `main':
CheckSymbolExists.c:(.text+0x1b): undefined reference to `pthread_create'
collect2: error: ld returned 1 exit status
CMakeFiles/cmTC_dbb3a.dir/build.make:97: recipe for target 'cmTC_dbb3a' failed
make[1]: *** [cmTC_dbb3a] Error 1
make[1]: Leaving directory '/home/yadav/Documents/Final-Year-Project/FYP_Simulation/enki/CMakeFiles/CMakeTmp'
Makefile:126: recipe for target 'cmTC_dbb3a/fast' failed
make: *** [cmTC_dbb3a/fast] Error 2

File /home/yadav/Documents/Final-Year-Project/FYP_Simulation/enki/CMakeFiles/CMakeTmp/CheckSymbolExists.c:
/* */
#include <pthread.h>

int main(int argc, char** argv)
{
  (void)argv;
#ifndef pthread_create
  return ((int*)(&pthread_create))[argc];
#else
  (void)argc;
  return 0;
#endif
}

Determining if the function pthread_create exists in the pthreads failed with the following output:
Change Dir: /home/yadav/Documents/Final-Year-Project/FYP_Simulation/enki/CMakeFiles/CMakeTmp

Run Build Command:"/usr/bin/make" "cmTC_3e95c/fast"
/usr/bin/make -f CMakeFiles/cmTC_3e95c.dir/build.make CMakeFiles/cmTC_3e95c.dir/build
make[1]: Entering directory '/home/yadav/Documents/Final-Year-Project/FYP_Simulation/enki/CMakeFiles/CMakeTmp'
Building C object CMakeFiles/cmTC_3e95c.dir/CheckFunctionExists.c.o
/usr/bin/cc   -DCHECK_FUNCTION_EXISTS=pthread_create   -o CMakeFiles/cmTC_3e95c.dir/CheckFunctionExists.c.o   -c /usr/share/cmake-3.10/Modules/CheckFunctionExists.c
Linking C executable cmTC_3e95c
/usr/bin/cmake -E cmake_link_script CMakeFiles/cmTC_3e95c.dir/link.txt --verbose=1
/usr/bin/cc  -DCHECK_FUNCTION_EXISTS=pthread_create    -rdynamic CMakeFiles/cmTC_3e95c.dir/CheckFunctionExists.c.o  -o cmTC_3e95c -lpthreads 
/usr/bin/ld: cannot find -lpthreads
collect2: error: ld returned 1 exit status
CMakeFiles/cmTC_3e95c.dir/build.make:97: recipe for target 'cmTC_3e95c' failed
make[1]: *** [cmTC_3e95c] Error 1
make[1]: Leaving directory '/home/yadav/Documents/Final-Year-Project/FYP_Simulation/enki/CMakeFiles/CMakeTmp'
Makefile:126: recipe for target 'cmTC_3e95c/fast' failed
make: *** [cmTC_3e95c/fast] Error 2


